<?xml version="1.0" encoding="UTF-8"?>
<!-- Generated by org.testng.reporters.JUnitXMLReporter -->
<testsuite ignored="0" hostname="LAPTOP-N9IBNQH5" failures="1" tests="2" name="ExtentReportScreenShot" time="18.638" errors="0" timestamp="2021-09-08T16:08:25 BDT">
  <testcase classname="FreeCRMTest" name="freeCRMTLogoTest" time="0.354"/>
  <testcase classname="FreeCRMTest" name="freeCRMTitleTest" time="0.021">
    <failure type="java.lang.AssertionError" message="expected [# Free CRM customer relationship management software cloud] but found [#1 Free CRM customer relationship management software cloud]">
      <![CDATA[java.lang.AssertionError: expected [# Free CRM customer relationship management software cloud] but found [#1 Free CRM customer relationship management software cloud]
at FreeCRMTest.freeCRMTitleTest(FreeCRMTest.java:72)
at java.base/java.util.ArrayList.forEach(ArrayList.java:1541)
at com.intellij.rt.testng.IDEARemoteTestNG.run(IDEARemoteTestNG.java:66)
at com.intellij.rt.testng.RemoteTestNGStarter.main(RemoteTestNGStarter.java:109)
... Removed 29 stack frames]]>
    </failure>
  </testcase> <!-- freeCRMTitleTest -->
</testsuite> <!-- ExtentReportScreenShot -->
